  templates.cpp
c:\users\catherine\source\repos\transportation_oop\transportation_oop\templates.cpp(29): warning C4018: <: несоответствие типов со знаком и без знака
c:\users\catherine\source\repos\transportation_oop\transportation_oop\templates.cpp(32): warning C4018: <: несоответствие типов со знаком и без знака
c:\users\catherine\source\repos\transportation_oop\transportation_oop\templates.cpp(38): warning C4018: <: несоответствие типов со знаком и без знака
c:\users\catherine\source\repos\transportation_oop\transportation_oop\transportation.cpp(81): warning C4018: <: несоответствие типов со знаком и без знака
  c:\users\catherine\source\repos\transportation_oop\transportation_oop\transportation.cpp(47): note: при компиляции функции-члена "<Нет данных>" класса класс <Нет данных>
  c:\users\catherine\source\repos\transportation_oop\transportation_oop\templates.cpp(5): note: выполняется компиляция ссылки на экземпляр шаблон класс "Transportation<int>"
c:\users\catherine\source\repos\transportation_oop\transportation_oop\transportation.cpp(87): warning C4018: <: несоответствие типов со знаком и без знака
c:\users\catherine\source\repos\transportation_oop\transportation_oop\transportation.cpp(93): warning C4018: <: несоответствие типов со знаком и без знака
c:\users\catherine\source\repos\transportation_oop\transportation_oop\transportation.cpp(95): warning C4018: <: несоответствие типов со знаком и без знака
c:\users\catherine\source\repos\transportation_oop\transportation_oop\transportation.cpp(107): warning C4018: <: несоответствие типов со знаком и без знака
c:\users\catherine\source\repos\transportation_oop\transportation_oop\transportation.cpp(126): warning C4018: <: несоответствие типов со знаком и без знака
c:\users\catherine\source\repos\transportation_oop\transportation_oop\transportation.cpp(135): warning C4018: <: несоответствие типов со знаком и без знака
c:\users\catherine\source\repos\transportation_oop\transportation_oop\transportation.cpp(138): warning C4018: <: несоответствие типов со знаком и без знака
c:\users\catherine\source\repos\transportation_oop\transportation_oop\transportation.cpp(144): warning C4018: <: несоответствие типов со знаком и без знака
c:\users\catherine\source\repos\transportation_oop\transportation_oop\transportation.cpp(168): warning C4018: <: несоответствие типов со знаком и без знака
  c:\users\catherine\source\repos\transportation_oop\transportation_oop\transportation.cpp(153): note: при компиляции функции-члена "<Нет данных>" класса класс <Нет данных>
  c:\users\catherine\source\repos\transportation_oop\transportation_oop\transportation.cpp(114): note: выполняется компиляция ссылки на экземпляр шаблон функции "bool Transportation<int>::potentialMethod(void)"
c:\users\catherine\source\repos\transportation_oop\transportation_oop\transportation.cpp(179): warning C4018: <: несоответствие типов со знаком и без знака
c:\users\catherine\source\repos\transportation_oop\transportation_oop\transportation.cpp(203): warning C4018: <: несоответствие типов со знаком и без знака
c:\users\catherine\source\repos\transportation_oop\transportation_oop\transportation.cpp(207): warning C4018: <: несоответствие типов со знаком и без знака
c:\users\catherine\source\repos\transportation_oop\transportation_oop\transportation.cpp(222): warning C4018: <: несоответствие типов со знаком и без знака
c:\users\catherine\source\repos\transportation_oop\transportation_oop\transportation.cpp(226): warning C4018: <: несоответствие типов со знаком и без знака
c:\users\catherine\source\repos\transportation_oop\transportation_oop\transportation.cpp(243): warning C4018: <: несоответствие типов со знаком и без знака
c:\users\catherine\source\repos\transportation_oop\transportation_oop\transportation.cpp(305): warning C4018: <: несоответствие типов со знаком и без знака
  c:\users\catherine\source\repos\transportation_oop\transportation_oop\transportation.cpp(292): note: при компиляции функции-члена "<Нет данных>" класса класс <Нет данных>
  c:\users\catherine\source\repos\transportation_oop\transportation_oop\transportation.cpp(104): note: выполняется компиляция ссылки на экземпляр шаблон функции "void Transportation<int>::minElement(void)"
c:\users\catherine\source\repos\transportation_oop\transportation_oop\transportation.cpp(307): warning C4018: <: несоответствие типов со знаком и без знака
c:\users\catherine\source\repos\transportation_oop\transportation_oop\transportation.cpp(308): warning C4018: <: несоответствие типов со знаком и без знака
c:\users\catherine\source\repos\transportation_oop\transportation_oop\transportation.cpp(312): warning C4018: <: несоответствие типов со знаком и без знака
c:\users\catherine\source\repos\transportation_oop\transportation_oop\transportation.cpp(314): warning C4018: <: несоответствие типов со знаком и без знака
c:\users\catherine\source\repos\transportation_oop\transportation_oop\transportation.cpp(338): warning C4018: <: несоответствие типов со знаком и без знака
c:\users\catherine\source\repos\transportation_oop\transportation_oop\transportation.cpp(345): warning C4018: <: несоответствие типов со знаком и без знака
c:\users\catherine\source\repos\transportation_oop\transportation_oop\transportation.cpp(372): warning C4018: <: несоответствие типов со знаком и без знака
c:\users\catherine\source\repos\transportation_oop\transportation_oop\transportation.cpp(374): warning C4018: <: несоответствие типов со знаком и без знака
c:\users\catherine\source\repos\transportation_oop\transportation_oop\transportation.cpp(408): warning C4018: <: несоответствие типов со знаком и без знака
c:\users\catherine\source\repos\transportation_oop\transportation_oop\transportation.cpp(410): warning C4018: <: несоответствие типов со знаком и без знака
c:\users\catherine\source\repos\transportation_oop\transportation_oop\transportation.cpp(411): warning C4018: <: несоответствие типов со знаком и без знака
c:\users\catherine\source\repos\transportation_oop\transportation_oop\transportation.cpp(414): warning C4018: <: несоответствие типов со знаком и без знака
c:\users\catherine\source\repos\transportation_oop\transportation_oop\transportation.cpp(416): warning C4018: <: несоответствие типов со знаком и без знака
c:\users\catherine\source\repos\transportation_oop\transportation_oop\transportation.cpp(441): warning C4018: <: несоответствие типов со знаком и без знака
c:\users\catherine\source\repos\transportation_oop\transportation_oop\transportation.cpp(448): warning C4018: <: несоответствие типов со знаком и без знака
c:\users\catherine\source\repos\transportation_oop\transportation_oop\transportation.cpp(475): warning C4018: <: несоответствие типов со знаком и без знака
c:\users\catherine\source\repos\transportation_oop\transportation_oop\transportation.cpp(477): warning C4018: <: несоответствие типов со знаком и без знака
c:\users\catherine\source\repos\transportation_oop\transportation_oop\transportation.cpp(511): warning C4018: <: несоответствие типов со знаком и без знака
c:\users\catherine\source\repos\transportation_oop\transportation_oop\transportation.cpp(513): warning C4018: <: несоответствие типов со знаком и без знака
c:\users\catherine\source\repos\transportation_oop\transportation_oop\transportation.cpp(514): warning C4018: <: несоответствие типов со знаком и без знака
c:\users\catherine\source\repos\transportation_oop\transportation_oop\transportation.cpp(517): warning C4018: <: несоответствие типов со знаком и без знака
c:\users\catherine\source\repos\transportation_oop\transportation_oop\transportation.cpp(519): warning C4018: <: несоответствие типов со знаком и без знака
c:\users\catherine\source\repos\transportation_oop\transportation_oop\transportation.cpp(543): warning C4018: <: несоответствие типов со знаком и без знака
c:\users\catherine\source\repos\transportation_oop\transportation_oop\transportation.cpp(545): warning C4018: <: несоответствие типов со знаком и без знака
c:\users\catherine\source\repos\transportation_oop\transportation_oop\transportation.cpp(579): warning C4018: <: несоответствие типов со знаком и без знака
c:\users\catherine\source\repos\transportation_oop\transportation_oop\transportation.cpp(581): warning C4018: <: несоответствие типов со знаком и без знака
c:\users\catherine\source\repos\transportation_oop\transportation_oop\transportation.cpp(583): warning C4018: <: несоответствие типов со знаком и без знака
c:\users\catherine\source\repos\transportation_oop\transportation_oop\transportation.cpp(614): warning C4018: <: несоответствие типов со знаком и без знака
  c:\users\catherine\source\repos\transportation_oop\transportation_oop\transportation.cpp(613): note: при компиляции функции-члена "<Нет данных>" класса класс <Нет данных>
  c:\users\catherine\source\repos\transportation_oop\transportation_oop\transportation.cpp(316): note: выполняется компиляция ссылки на экземпляр шаблон функции "bool Transportation<int>::notInBasis(int,int)"
c:\users\catherine\source\repos\transportation_oop\transportation_oop\transportation.cpp(641): warning C4018: <: несоответствие типов со знаком и без знака
  c:\users\catherine\source\repos\transportation_oop\transportation_oop\transportation.cpp(623): note: при компиляции функции-члена "<Нет данных>" класса класс <Нет данных>
  c:\users\catherine\source\repos\transportation_oop\transportation_oop\transportation.cpp(118): note: выполняется компиляция ссылки на экземпляр шаблон функции "void Transportation<int>::loopBuild(void)"
c:\users\catherine\source\repos\transportation_oop\transportation_oop\transportation.cpp(659): warning C4018: <: несоответствие типов со знаком и без знака
c:\users\catherine\source\repos\transportation_oop\transportation_oop\transportation.cpp(670): warning C4018: <: несоответствие типов со знаком и без знака
c:\users\catherine\source\repos\transportation_oop\transportation_oop\transportation.cpp(681): warning C4018: <: несоответствие типов со знаком и без знака
c:\users\catherine\source\repos\transportation_oop\transportation_oop\transportation.cpp(683): warning C4018: <: несоответствие типов со знаком и без знака
c:\users\catherine\source\repos\transportation_oop\transportation_oop\transportation.cpp(703): warning C4018: <: несоответствие типов со знаком и без знака
c:\users\catherine\source\repos\transportation_oop\transportation_oop\transportation.cpp(712): warning C4018: <: несоответствие типов со знаком и без знака
c:\users\catherine\source\repos\transportation_oop\transportation_oop\transportation.cpp(714): warning C4018: <: несоответствие типов со знаком и без знака
c:\users\catherine\source\repos\transportation_oop\transportation_oop\transportation.cpp(718): warning C4018: <: несоответствие типов со знаком и без знака
c:\users\catherine\source\repos\transportation_oop\transportation_oop\transportation.cpp(737): warning C4018: <: несоответствие типов со знаком и без знака
c:\users\catherine\source\repos\transportation_oop\transportation_oop\transportation.cpp(739): warning C4018: <: несоответствие типов со знаком и без знака
c:\users\catherine\source\repos\transportation_oop\transportation_oop\transportation.cpp(743): warning C4018: <: несоответствие типов со знаком и без знака
c:\users\catherine\source\repos\transportation_oop\transportation_oop\transportation.cpp(752): warning C4018: <: несоответствие типов со знаком и без знака
c:\users\catherine\source\repos\transportation_oop\transportation_oop\transportation.cpp(762): warning C4018: <: несоответствие типов со знаком и без знака
c:\users\catherine\source\repos\transportation_oop\transportation_oop\transportation.cpp(773): warning C4018: <: несоответствие типов со знаком и без знака
c:\users\catherine\source\repos\transportation_oop\transportation_oop\transportation.cpp(775): warning C4018: <: несоответствие типов со знаком и без знака
c:\users\catherine\source\repos\transportation_oop\transportation_oop\transportation.cpp(777): warning C4018: <: несоответствие типов со знаком и без знака
c:\users\catherine\source\repos\transportation_oop\transportation_oop\transportation.cpp(626): warning C4101: looped: неиспользованная локальная переменная
c:\users\catherine\source\repos\transportation_oop\transportation_oop\transportation.cpp(806): warning C4018: <: несоответствие типов со знаком и без знака
  c:\users\catherine\source\repos\transportation_oop\transportation_oop\transportation.cpp(800): note: при компиляции функции-члена "<Нет данных>" класса класс <Нет данных>
  c:\users\catherine\source\repos\transportation_oop\transportation_oop\transportation.cpp(667): note: выполняется компиляция ссылки на экземпляр шаблон функции "bool Transportation<int>::pathHorizontal(std::pair<int,int>,std::vector<std::pair<int,int>,std::allocator<_Ty>> &,std::vector<std::vector<int,std::allocator<int>>,std::allocator<std::vector<int,std::allocator<int>>>>,int)"
          with
          [
              _Ty=std::pair<int,int>
          ]
c:\users\catherine\source\repos\transportation_oop\transportation_oop\transportation.cpp(822): warning C4018: <: несоответствие типов со знаком и без знака
  c:\users\catherine\source\repos\transportation_oop\transportation_oop\transportation.cpp(821): note: при компиляции функции-члена "<Нет данных>" класса класс <Нет данных>
  c:\users\catherine\source\repos\transportation_oop\transportation_oop\transportation.cpp(810): note: выполняется компиляция ссылки на экземпляр шаблон функции "bool Transportation<int>::pathVertical(std::pair<int,int>,std::vector<std::pair<int,int>,std::allocator<_Ty>> &,std::vector<std::vector<int,std::allocator<int>>,std::allocator<std::vector<int,std::allocator<int>>>>,int)"
          with
          [
              _Ty=std::pair<int,int>
          ]
c:\users\catherine\source\repos\transportation_oop\transportation_oop\transportation.cpp(172): warning C4244: =: преобразование "_Ty" в "_Ty1", возможна потеря данных
          with
          [
              _Ty=double
          ]
          and
          [
              _Ty1=int
          ]
c:\users\catherine\source\repos\transportation_oop\transportation_oop\transportation.cpp(183): warning C4244: =: преобразование "_Ty" в "_Ty1", возможна потеря данных
          with
          [
              _Ty=double
          ]
          and
          [
              _Ty1=int
          ]
c:\users\catherine\source\repos\transportation_oop\transportation_oop\transportation.cpp(201): warning C4244: инициализация: преобразование "_Ty" в "int", возможна потеря данных
          with
          [
              _Ty=double
          ]
c:\users\catherine\source\repos\transportation_oop\transportation_oop\transportation.cpp(213): warning C4244: =: преобразование "_Ty" в "int", возможна потеря данных
          with
          [
              _Ty=double
          ]
c:\users\catherine\source\repos\transportation_oop\transportation_oop\transportation.cpp(230): warning C4244: =: преобразование "_Ty" в "int", возможна потеря данных
          with
          [
              _Ty=double
          ]
  Transportation_OOP.vcxproj -> C:\Users\Catherine\source\repos\Transportation_OOP\Debug\Transportation_OOP.exe
